{
  "RSpec": {
    "coverage": {
      "/home/reuelfreitas/restaurants-api/lib/coverage_assets_middleware.rb": {
        "lines": [
          1,
          1,
          1,
          null,
          null,
          1,
          31,
          null,
          31,
          0,
          null,
          31,
          null,
          null,
          null,
          1,
          null,
          1,
          0,
          0,
          0,
          0,
          null,
          0,
          null,
          null,
          0,
          null,
          0,
          0,
          0,
          null,
          null,
          0,
          null,
          null,
          null,
          null,
          null,
          null,
          null,
          null,
          0,
          null,
          null,
          null,
          1,
          0,
          null,
          0,
          null,
          0,
          null,
          0,
          null,
          0,
          null,
          0,
          null,
          0,
          null,
          0,
          null,
          null,
          null
        ]
      },
      "/home/reuelfreitas/restaurants-api/app/helpers/health_helper.rb": {
        "lines": [
          1,
          1,
          null,
          18,
          null,
          null,
          null,
          null,
          null,
          null,
          null,
          null,
          null,
          null,
          null,
          null,
          null,
          null,
          null,
          null,
          null,
          null,
          null,
          null,
          null,
          null,
          null,
          null,
          null,
          null,
          null,
          null,
          null,
          null,
          null,
          null,
          null,
          null,
          null,
          null,
          null,
          null,
          null,
          null,
          null,
          null,
          null,
          null,
          null,
          null,
          null,
          null,
          null,
          null,
          null,
          null,
          null,
          null,
          null,
          null,
          null,
          null,
          null,
          null,
          null,
          null,
          null,
          null,
          null,
          null,
          null,
          null,
          null,
          null,
          null,
          null,
          null,
          null,
          null,
          null,
          null,
          null,
          null,
          null,
          null,
          null,
          null,
          null,
          null,
          null,
          null,
          null,
          null,
          null,
          null,
          null,
          null,
          null,
          null,
          null,
          null,
          null,
          null,
          null,
          null,
          null,
          null,
          null,
          null,
          null,
          null,
          null,
          null,
          null,
          null,
          null,
          null,
          null,
          null,
          null,
          null,
          null,
          null,
          null,
          null,
          null,
          null,
          null,
          null,
          null,
          null,
          null,
          null,
          null,
          null,
          null,
          null,
          null,
          null,
          null,
          null,
          null,
          null,
          null,
          null,
          null,
          null,
          null,
          null,
          null,
          null,
          null,
          null,
          null,
          null,
          null,
          null,
          null,
          null,
          null,
          null,
          null,
          null,
          null,
          null,
          null,
          null,
          null,
          null,
          null,
          null,
          null,
          null,
          null,
          null,
          null,
          null,
          null,
          null,
          null,
          null,
          null,
          null,
          null,
          null,
          null,
          null,
          null,
          null,
          null,
          null,
          null,
          null,
          null,
          null,
          null,
          null,
          null,
          null,
          null,
          null,
          null,
          null,
          null,
          null,
          null,
          null,
          null,
          null,
          null,
          null,
          null,
          null,
          null,
          null,
          null,
          null,
          null,
          null,
          null,
          null,
          null,
          null,
          null,
          null,
          null,
          null,
          null,
          null,
          null,
          null,
          null,
          null,
          null,
          null,
          null,
          null,
          null,
          null,
          null,
          null,
          null,
          null,
          null,
          null,
          null,
          null,
          null,
          null,
          null,
          null,
          null,
          null,
          null,
          null,
          null,
          null,
          null,
          null,
          null,
          null,
          null,
          null,
          null,
          null,
          null,
          null,
          null,
          null,
          null,
          null,
          null,
          null,
          null,
          null,
          null,
          null,
          null,
          null,
          null,
          null,
          null,
          null,
          null,
          null,
          null,
          null,
          null,
          null,
          null,
          null,
          null,
          null,
          null,
          null,
          null,
          null,
          null,
          null,
          null,
          null,
          null,
          null,
          null,
          null,
          null,
          null,
          0,
          null,
          null,
          null,
          null,
          null,
          null,
          null,
          null,
          null,
          null,
          null,
          null,
          null,
          null,
          null,
          null,
          null,
          null,
          null,
          null,
          null,
          null,
          null,
          null,
          null,
          null,
          null,
          null,
          null,
          null,
          null,
          null,
          null,
          null,
          null,
          null,
          null,
          null,
          null,
          null,
          null,
          null,
          null,
          null,
          null,
          null,
          null,
          null,
          null,
          null,
          null,
          null,
          null,
          null,
          null,
          null,
          null,
          null,
          null,
          null,
          null,
          null,
          null,
          null,
          null,
          null,
          null,
          null,
          null,
          null,
          null,
          null,
          null,
          null,
          null,
          null,
          null,
          null,
          null,
          null,
          null,
          null,
          null,
          null,
          null,
          null,
          null,
          null,
          null,
          null,
          null,
          null,
          null,
          null,
          null,
          null,
          null,
          null,
          null,
          null,
          null,
          null,
          18,
          null,
          null,
          1,
          null,
          1,
          0,
          null,
          null,
          null,
          null,
          null,
          null,
          null,
          null,
          null,
          null,
          null,
          null,
          null,
          null,
          null,
          null,
          null,
          null,
          null,
          null,
          null,
          null,
          null,
          null,
          null,
          null,
          null,
          null,
          null,
          null,
          null,
          null,
          null,
          null,
          null,
          null,
          null,
          null,
          null,
          null,
          null,
          null,
          null,
          null,
          null,
          null,
          null,
          null,
          null,
          null,
          null,
          null,
          null,
          null,
          null,
          null,
          null,
          null,
          null,
          null,
          null,
          null,
          null,
          null,
          null,
          null,
          null,
          null,
          0,
          null,
          null,
          1,
          18,
          null,
          18,
          18,
          null,
          null,
          null,
          null,
          null,
          null,
          null,
          null,
          null,
          null,
          null,
          null,
          null,
          null,
          null,
          null,
          null,
          null,
          null,
          null,
          null,
          null,
          null,
          null,
          null,
          null,
          null,
          null,
          null,
          null,
          18,
          1,
          null,
          null,
          null,
          null,
          null,
          null,
          null,
          null,
          null,
          null,
          null,
          null,
          null,
          null,
          null,
          null,
          null,
          null,
          null,
          null,
          null,
          18,
          18,
          null,
          null,
          null,
          null,
          null,
          null,
          null,
          null,
          null,
          null,
          null,
          null,
          null,
          null,
          null,
          null,
          null,
          null,
          null,
          18,
          18,
          null,
          null
        ]
      },
      "/home/reuelfreitas/restaurants-api/app/controllers/health_controller.rb": {
        "lines": [
          1,
          1,
          null,
          1,
          24,
          null,
          24,
          null,
          null,
          null,
          null,
          24,
          24,
          null,
          null,
          24,
          24,
          24,
          null,
          null,
          24,
          null,
          3,
          null,
          3,
          null,
          18,
          null,
          null,
          null,
          1,
          0,
          null,
          0,
          null,
          0,
          0,
          null,
          null,
          0,
          null,
          null,
          null,
          1,
          null,
          1,
          3,
          3,
          3,
          3,
          3,
          3,
          3,
          3,
          3,
          3,
          3,
          3,
          null,
          3,
          3,
          3,
          3,
          null,
          null,
          3,
          3,
          3,
          3,
          3,
          3,
          3,
          3,
          3,
          3,
          3,
          null,
          3,
          0,
          0,
          0,
          0,
          0,
          null,
          null,
          null,
          3,
          3,
          3,
          3,
          3,
          3,
          3,
          3,
          0,
          null,
          3,
          0,
          null,
          null,
          null,
          0,
          0,
          null,
          null,
          3,
          null,
          null
        ]
      },
      "/home/reuelfreitas/restaurants-api/app/controllers/application_controller.rb": {
        "lines": [
          1,
          null
        ]
      },
      "/home/reuelfreitas/restaurants-api/app/controllers/import_controller.rb": {
        "lines": [
          1,
          1,
          null,
          10,
          null,
          8,
          2,
          null,
          null,
          null,
          null,
          2,
          null,
          null,
          6,
          5,
          null,
          5,
          null,
          null,
          null,
          null,
          null,
          null,
          null,
          null,
          3,
          2,
          null,
          null,
          null,
          null,
          null,
          null,
          1,
          null,
          null,
          null,
          null,
          null,
          null,
          null,
          1,
          null,
          3,
          null,
          3,
          1,
          null,
          null,
          null,
          1,
          null,
          null,
          2,
          0,
          null,
          null,
          0,
          null,
          0,
          null,
          null,
          null,
          null,
          2,
          2,
          1,
          null,
          1,
          null,
          null,
          null,
          null,
          1,
          null,
          null,
          1,
          null,
          1,
          1,
          null,
          1,
          null,
          null,
          null,
          null,
          null,
          null,
          null,
          null,
          null,
          0,
          0,
          null,
          null,
          null,
          null,
          null,
          null,
          null,
          1,
          2,
          null,
          2,
          0,
          null,
          null,
          null,
          0,
          null,
          null,
          2,
          null,
          2,
          1,
          null,
          null,
          null,
          1,
          null,
          null,
          null,
          1,
          null,
          1,
          null,
          null,
          1,
          null,
          null,
          null,
          null,
          0,
          null,
          null,
          null,
          0,
          0,
          null,
          0,
          null,
          null,
          null,
          null,
          null,
          null,
          0,
          null,
          null,
          null,
          null,
          null,
          0,
          null,
          null,
          null,
          null,
          0,
          null,
          null,
          null,
          null,
          1,
          null,
          null,
          null,
          null,
          null,
          null,
          1,
          null,
          1,
          1,
          1,
          null,
          1,
          1,
          null,
          1,
          1,
          null,
          null,
          1,
          null,
          null,
          1,
          0,
          0,
          null,
          null,
          1,
          1,
          0,
          1,
          0,
          null,
          1,
          null,
          null,
          null
        ]
      },
      "/home/reuelfreitas/restaurants-api/app/controllers/menu_items_controller.rb": {
        "lines": [
          1,
          1,
          9,
          6,
          6,
          2,
          2,
          null,
          4,
          null,
          null,
          3,
          null,
          9,
          null,
          null,
          1,
          5,
          3,
          null,
          null,
          null,
          null,
          null,
          2,
          null,
          null
        ]
      },
      "/home/reuelfreitas/restaurants-api/app/controllers/menus_controller.rb": {
        "lines": [
          1,
          1,
          6,
          3,
          3,
          null,
          3,
          null,
          6,
          null,
          null,
          1,
          8,
          null,
          null,
          null,
          null,
          null,
          6,
          null,
          null,
          null,
          null,
          17,
          null,
          7,
          null,
          null,
          null,
          null,
          null,
          null,
          null,
          2,
          null,
          null
        ]
      },
      "/home/reuelfreitas/restaurants-api/app/controllers/restaurants_controller.rb": {
        "lines": [
          1,
          1,
          4,
          4,
          null,
          null,
          1,
          7,
          null,
          null,
          null,
          null,
          null,
          null,
          5,
          5,
          null,
          2,
          null,
          null
        ]
      },
      "/home/reuelfreitas/restaurants-api/app/jobs/restaurant_import_job.rb": {
        "lines": [
          1,
          1,
          null,
          1,
          26,
          null,
          null,
          26,
          26,
          null,
          22,
          18,
          null,
          null,
          null,
          null,
          null,
          18,
          null,
          null,
          4,
          null,
          4,
          null,
          null,
          4,
          4,
          4,
          null,
          null,
          4,
          null,
          null,
          null,
          null,
          null,
          null,
          null,
          null,
          null,
          null,
          4,
          null,
          4,
          null,
          26,
          null,
          null,
          null,
          1,
          null,
          1,
          32,
          32,
          null,
          32,
          null,
          29,
          29,
          29,
          29,
          29,
          29,
          null,
          29,
          null,
          null,
          null,
          null,
          3,
          null,
          null,
          1,
          34,
          7,
          null,
          null,
          null
        ]
      },
      "/home/reuelfreitas/restaurants-api/app/jobs/application_job.rb": {
        "lines": [
          1,
          null,
          null,
          null,
          null,
          null,
          null
        ]
      },
      "/home/reuelfreitas/restaurants-api/app/models/menu_item.rb": {
        "lines": [
          1,
          1,
          1,
          null,
          1,
          null,
          1,
          0,
          null,
          null
        ]
      },
      "/home/reuelfreitas/restaurants-api/app/models/application_record.rb": {
        "lines": [
          1,
          1,
          null
        ]
      },
      "/home/reuelfreitas/restaurants-api/app/models/menu_menu_item.rb": {
        "lines": [
          1,
          1,
          1,
          null,
          1,
          1,
          1,
          1,
          null
        ]
      },
      "/home/reuelfreitas/restaurants-api/app/models/menu.rb": {
        "lines": [
          1,
          1,
          1,
          1,
          null,
          1,
          1,
          null
        ]
      },
      "/home/reuelfreitas/restaurants-api/app/models/restaurant.rb": {
        "lines": [
          1,
          1,
          1,
          null,
          1,
          null
        ]
      },
      "/home/reuelfreitas/restaurants-api/app/services/import_cleanup_service.rb": {
        "lines": [
          1,
          1,
          17,
          17,
          null,
          16,
          16,
          null,
          16,
          22,
          null,
          19,
          15,
          15,
          null,
          4,
          null,
          null,
          null,
          null,
          16,
          16,
          null,
          null,
          1,
          15,
          null,
          null,
          7,
          3,
          3,
          4,
          4,
          4,
          null,
          null,
          null
        ]
      },
      "/home/reuelfreitas/restaurants-api/app/services/restaurant_import_service.rb": {
        "lines": [
          1,
          null,
          1,
          1,
          null,
          1,
          null,
          1,
          null,
          1,
          27,
          27,
          27,
          27,
          27,
          null,
          null,
          null,
          null,
          null,
          null,
          null,
          1,
          24,
          18,
          14,
          null,
          10,
          10,
          null,
          null,
          1,
          null,
          1,
          23,
          2,
          1,
          21,
          20,
          null,
          1,
          null,
          null,
          21,
          2,
          null,
          null,
          19,
          1,
          null,
          null,
          null,
          1,
          2,
          2,
          1,
          null,
          null,
          null,
          1,
          5,
          3,
          2,
          1,
          null,
          1,
          null,
          null,
          null,
          1,
          18,
          18,
          null,
          18,
          20,
          null,
          null,
          null,
          1,
          20,
          null,
          20,
          3042,
          20,
          null,
          20,
          3017,
          3017,
          null,
          3016,
          3021,
          3021,
          3021,
          null,
          null,
          17,
          null,
          17,
          3014,
          3014,
          null,
          3013,
          3021,
          3021,
          null,
          3021,
          null,
          3021,
          null,
          3021,
          2,
          2,
          null,
          null,
          3021,
          3035,
          3035,
          null,
          3035,
          null,
          null,
          3035,
          null,
          null,
          null,
          null,
          null,
          null,
          null,
          null,
          3052,
          17,
          null,
          16,
          3013,
          6054,
          null,
          null,
          null,
          16,
          null,
          16,
          null,
          null,
          16,
          null,
          4,
          4,
          null,
          null,
          1,
          24209,
          24204,
          24204,
          null,
          null,
          1,
          6062,
          3037,
          null,
          null,
          null,
          null,
          1,
          20,
          null,
          20,
          3019,
          null,
          null,
          20,
          20,
          null,
          20,
          null,
          null,
          1,
          17,
          null,
          17,
          17,
          null,
          17,
          null,
          3021,
          null,
          null,
          null,
          null,
          null,
          null,
          17,
          null,
          17,
          17,
          null,
          17,
          null,
          null,
          1,
          17,
          null,
          15,
          3028,
          null,
          null,
          15,
          null,
          15,
          null,
          null,
          1,
          16,
          null,
          3045,
          3045,
          3045,
          null,
          14,
          null,
          null,
          3016,
          3016,
          null,
          14,
          null,
          14,
          3031,
          3031,
          null,
          3031,
          null,
          null,
          3031,
          null,
          null,
          null,
          null,
          null,
          null,
          null,
          14,
          null,
          14,
          null,
          null,
          null,
          null,
          null,
          14,
          null,
          null,
          1,
          104,
          null,
          null,
          null,
          null,
          null,
          null,
          104,
          94,
          null,
          null,
          null,
          1,
          3035,
          null,
          null,
          null,
          null,
          null,
          null,
          null,
          null,
          null,
          null
        ]
      },
      "/home/reuelfreitas/restaurants-api/app/services/health_check_service.rb": {
        "lines": [
          1,
          1,
          23,
          null,
          null,
          1,
          null,
          23,
          null,
          null,
          null,
          null,
          null,
          null,
          null,
          null,
          null,
          23,
          null,
          null,
          23,
          null,
          null,
          null,
          null,
          1,
          null,
          1,
          23,
          0,
          0,
          0,
          null,
          23,
          null,
          null,
          0,
          null,
          null,
          1,
          null,
          23,
          23,
          0,
          0,
          null,
          null,
          null,
          1,
          null,
          23,
          23,
          null,
          23,
          23,
          0,
          0,
          null,
          23,
          23,
          null,
          null,
          null,
          23,
          null,
          null,
          null,
          null,
          null,
          0,
          null,
          0,
          0,
          null,
          null,
          null,
          1,
          null,
          23,
          null,
          null,
          null,
          null,
          null,
          null,
          1,
          null,
          23,
          23,
          null,
          0,
          null,
          null,
          null,
          1,
          null,
          23,
          23,
          null,
          0,
          null,
          null,
          null,
          1,
          23,
          23,
          0,
          0,
          0,
          0,
          null,
          0,
          null,
          null,
          null
        ]
      },
      "/home/reuelfreitas/restaurants-api/app/services/restaurant_stats_service.rb": {
        "lines": [
          1,
          1,
          1,
          null,
          1,
          23,
          null,
          null,
          1,
          47,
          47,
          47,
          47,
          47,
          null,
          null,
          1,
          23,
          null,
          23,
          null,
          null,
          null,
          null,
          null,
          null,
          null,
          1,
          24,
          24,
          null,
          24,
          null,
          24,
          null,
          null,
          null,
          0,
          null,
          null,
          null,
          null,
          null,
          null,
          null,
          24,
          null,
          24,
          null,
          null,
          null,
          1,
          null,
          1,
          47,
          null,
          null,
          1,
          null,
          23,
          null,
          null,
          null,
          null,
          null,
          null,
          null,
          null,
          1,
          23,
          null,
          23,
          null,
          23,
          23,
          null,
          23,
          null,
          0,
          null,
          null,
          null,
          null,
          null,
          0,
          0,
          null,
          null,
          0,
          null,
          null,
          null,
          1,
          0,
          null,
          0,
          null,
          0,
          null,
          null,
          null,
          0,
          null,
          0,
          null,
          null,
          null,
          null,
          null,
          null,
          null,
          null,
          1,
          null,
          23,
          null,
          null,
          null,
          null,
          1,
          23,
          23,
          null,
          23,
          23,
          null,
          null,
          23,
          null,
          null,
          null,
          null,
          null,
          23,
          23,
          null,
          null,
          null,
          1,
          23,
          0,
          null,
          null,
          1,
          23,
          0,
          null,
          null,
          1,
          23,
          null,
          null,
          null,
          23,
          null,
          null,
          23,
          null,
          null,
          null,
          null,
          null,
          1,
          23,
          23,
          null,
          0,
          null,
          null,
          null,
          null,
          null,
          null,
          null,
          null,
          0,
          0,
          0,
          null,
          0,
          null,
          0,
          null,
          0,
          null,
          0,
          null,
          0,
          null,
          0,
          null,
          null,
          null,
          0,
          null,
          null,
          1,
          0,
          null,
          null,
          null,
          0,
          null,
          null,
          1,
          0,
          null,
          null,
          null,
          0,
          null,
          null,
          1,
          0,
          null,
          null,
          0,
          null,
          null,
          null,
          null,
          null,
          null,
          null,
          null,
          null,
          null,
          null
        ]
      },
      "/home/reuelfreitas/restaurants-api/app/services/restaurant_serializer_service.rb": {
        "lines": [
          1,
          1,
          5,
          null,
          null,
          1,
          null,
          5,
          null,
          null,
          null,
          null,
          null,
          1,
          null,
          1,
          5,
          null,
          9,
          null,
          null,
          null,
          null,
          null,
          null,
          1,
          9,
          34,
          null,
          14,
          null,
          null,
          null,
          null,
          null,
          null,
          1,
          14,
          14,
          null,
          null
        ]
      },
      "/home/reuelfreitas/restaurants-api/app/mailers/application_mailer.rb": {
        "lines": [
          0,
          0,
          0,
          0
        ],
        "branches": {}
      }
    },
    "timestamp": 1756431075
  }
}
